<?xml version="1.0" encoding="UTF-8"?>
<robot generator="Robot 4.1.2 (Python 3.9.6 on win32)" generated="20211115 15:36:31.680" rpa="false" schemaversion="2">
<suite id="s1" name="Selenium 2" source="C:\Users\lajdama\PycharmProjects\RobotFramework_1\RobotAcademy\Selenium_2.robot">
<test id="s1-t1" name="Artin2">
<kw name="Open Chrome On Artin Homepage" type="SETUP">
<kw name="Open Browser" library="SeleniumLibrary">
<arg>https://www.artin.sk</arg>
<arg>gc</arg>
<doc>Opens a new browser instance to the optional ``url``.</doc>
<msg timestamp="20211115 15:36:32.081" level="INFO">Opening browser 'gc' to base url 'https://www.artin.sk'.</msg>
<status status="PASS" starttime="20211115 15:36:32.081" endtime="20211115 15:36:35.994"/>
</kw>
<kw name="Maximize Browser Window" library="SeleniumLibrary">
<doc>Maximizes current browser window.</doc>
<status status="PASS" starttime="20211115 15:36:35.995" endtime="20211115 15:36:36.173"/>
</kw>
<kw name="Wait Until Page Contains" library="SeleniumLibrary">
<arg>Vyvíjame, integrujeme a testujeme softvér pre najväčších</arg>
<arg>5</arg>
<doc>Waits until ``text`` appears on the current page.</doc>
<status status="PASS" starttime="20211115 15:36:36.173" endtime="20211115 15:36:36.252"/>
</kw>
<status status="PASS" starttime="20211115 15:36:32.081" endtime="20211115 15:36:36.252"/>
</kw>
<kw name="Click Element" library="SeleniumLibrary">
<arg>id:menu-item-3127</arg>
<doc>Click the element identified by ``locator``.</doc>
<msg timestamp="20211115 15:36:36.256" level="INFO">Clicking element 'id:menu-item-3127'.</msg>
<status status="PASS" starttime="20211115 15:36:36.254" endtime="20211115 15:36:36.663"/>
</kw>
<kw name="Sleep" library="BuiltIn">
<arg>2 s</arg>
<doc>Pauses the test executed for the given time.</doc>
<msg timestamp="20211115 15:36:38.666" level="INFO">Slept 2 seconds</msg>
<status status="PASS" starttime="20211115 15:36:36.664" endtime="20211115 15:36:38.667"/>
</kw>
<kw name="Click Element" library="SeleniumLibrary">
<arg>id:menu-item-3080</arg>
<doc>Click the element identified by ``locator``.</doc>
<msg timestamp="20211115 15:36:38.673" level="INFO">Clicking element 'id:menu-item-3080'.</msg>
<status status="PASS" starttime="20211115 15:36:38.670" endtime="20211115 15:36:42.006"/>
</kw>
<kw name="Click Element" library="SeleniumLibrary">
<arg>xpath://*[@id="wpcf7-f532-p1101-o2"]/form/div[2]/div[1]/label/span[2]/input</arg>
<doc>Click the element identified by ``locator``.</doc>
<msg timestamp="20211115 15:36:42.007" level="INFO">Clicking element 'xpath://*[@id="wpcf7-f532-p1101-o2"]/form/div[2]/div[1]/label/span[2]/input'.</msg>
<status status="PASS" starttime="20211115 15:36:42.007" endtime="20211115 15:36:42.140"/>
</kw>
<kw name="Input Text" library="SeleniumLibrary">
<arg>xpath://*[@id="wpcf7-f532-p1101-o2"]/form/div[2]/div[1]/label/span[2]/input</arg>
<arg>Matus</arg>
<doc>Types the given ``text`` into the text field identified by ``locator``.</doc>
<msg timestamp="20211115 15:36:42.142" level="INFO">Typing text 'Matus' into text field 'xpath://*[@id="wpcf7-f532-p1101-o2"]/form/div[2]/div[1]/label/span[2]/input'.</msg>
<status status="PASS" starttime="20211115 15:36:42.141" endtime="20211115 15:36:42.312"/>
</kw>
<kw name="Input Text" library="SeleniumLibrary">
<arg>xpath://*[@id="wpcf7-f532-p1101-o2"]/form/div[2]/div[2]/label/span[2]/input</arg>
<arg>Lajda</arg>
<doc>Types the given ``text`` into the text field identified by ``locator``.</doc>
<msg timestamp="20211115 15:36:42.313" level="INFO">Typing text 'Lajda' into text field 'xpath://*[@id="wpcf7-f532-p1101-o2"]/form/div[2]/div[2]/label/span[2]/input'.</msg>
<status status="PASS" starttime="20211115 15:36:42.313" endtime="20211115 15:36:42.462"/>
</kw>
<kw name="Input Text" library="SeleniumLibrary">
<arg>xpath://*[@id="wpcf7-f532-p1101-o2"]/form/div[2]/div[3]/label/span[2]/input</arg>
<arg>matus.lajda@artinsolutions.com</arg>
<doc>Types the given ``text`` into the text field identified by ``locator``.</doc>
<msg timestamp="20211115 15:36:42.463" level="INFO">Typing text 'matus.lajda@artinsolutions.com' into text field 'xpath://*[@id="wpcf7-f532-p1101-o2"]/form/div[2]/div[3]/label/span[2]/input'.</msg>
<status status="PASS" starttime="20211115 15:36:42.462" endtime="20211115 15:36:43.513"/>
</kw>
<kw name="Input Text" library="SeleniumLibrary">
<arg>xpath://*[@id="wpcf7-f532-p1101-o2"]/form/div[2]/div[4]/label/span[2]/div/input</arg>
<arg>908869197</arg>
<doc>Types the given ``text`` into the text field identified by ``locator``.</doc>
<msg timestamp="20211115 15:36:43.515" level="INFO">Typing text '908869197' into text field 'xpath://*[@id="wpcf7-f532-p1101-o2"]/form/div[2]/div[4]/label/span[2]/div/input'.</msg>
<status status="PASS" starttime="20211115 15:36:43.514" endtime="20211115 15:36:43.682"/>
</kw>
<kw name="Input Text" library="SeleniumLibrary">
<arg>xpath://*[@id="wpcf7-f532-p1101-o2"]/form/div[2]/div[5]/label/span/textarea</arg>
<arg>abctest</arg>
<doc>Types the given ``text`` into the text field identified by ``locator``.</doc>
<msg timestamp="20211115 15:36:43.683" level="INFO">Typing text 'abctest' into text field 'xpath://*[@id="wpcf7-f532-p1101-o2"]/form/div[2]/div[5]/label/span/textarea'.</msg>
<status status="PASS" starttime="20211115 15:36:43.683" endtime="20211115 15:36:43.824"/>
</kw>
<kw name="Click Element" library="SeleniumLibrary">
<arg>xpath://*[@id="wpcf7-f532-p1101-o2"]/form/div[2]/div[6]/span/input</arg>
<doc>Click the element identified by ``locator``.</doc>
<msg timestamp="20211115 15:36:43.825" level="INFO">Clicking element 'xpath://*[@id="wpcf7-f532-p1101-o2"]/form/div[2]/div[6]/span/input'.</msg>
<kw name="Capture Page Screenshot" library="SeleniumLibrary">
<doc>Takes a screenshot of the current page and embeds it into a log file.</doc>
<msg timestamp="20211115 15:36:44.064" level="INFO" html="true">&lt;/td&gt;&lt;/tr&gt;&lt;tr&gt;&lt;td colspan="3"&gt;&lt;a href="selenium-screenshot-17.png"&gt;&lt;img src="selenium-screenshot-17.png" width="800px"&gt;&lt;/a&gt;</msg>
<status status="PASS" starttime="20211115 15:36:43.857" endtime="20211115 15:36:44.064"/>
</kw>
<msg timestamp="20211115 15:36:44.079" level="FAIL">InvalidArgumentException: Message: invalid argument
  (Session info: chrome=95.0.4638.69)
Stacktrace:
Backtrace:
	Ordinal0 [0x00D40C43+2493507]
	Ordinal0 [0x00CDA4B1+2073777]
	Ordinal0 [0x00BE24D0+1058000]
	Ordinal0 [0x00C03F27+1195815]
	Ordinal0 [0x00C25943+1333571]
	Ordinal0 [0x00C035A6+1193382]
	Ordinal0 [0x00C25A2A+1333802]
	Ordinal0 [0x00C35038+1396792]
	Ordinal0 [0x00C2580B+1333259]
	Ordinal0 [0x00C02314+1188628]
	Ordinal0 [0x00C0316F+1192303]
	GetHandleVerifier [0x00EC7BF6+1548950]
	GetHandleVerifier [0x00F7461C+2256060]
	GetHandleVerifier [0x00DCC13B+518107]
	GetHandleVerifier [0x00DCB1E0+514176]
	Ordinal0 [0x00CDF53D+2094397]
	Ordinal0 [0x00CE3418+2110488]
	Ordinal0 [0x00CE3552+2110802]
	Ordinal0 [0x00CECE81+2150017]
	BaseThreadInitThunk [0x75786359+25]
	RtlGetAppContainerNamedObjectPath [0x778787A4+228]
	RtlGetAppContainerNamedObjectPath [0x77878774+180]
</msg>
<status status="FAIL" starttime="20211115 15:36:43.824" endtime="20211115 15:36:44.079"/>
</kw>
<status status="FAIL" starttime="20211115 15:36:32.081" endtime="20211115 15:36:44.079">InvalidArgumentException: Message: invalid argument
  (Session info: chrome=95.0.4638.69)
Stacktrace:
Backtrace:
	Ordinal0 [0x00D40C43+2493507]
	Ordinal0 [0x00CDA4B1+2073777]
	Ordinal0 [0x00BE24D0+1058000]
	Ordinal0 [0x00C03F27+1195815]
	Ordinal0 [0x00C25943+1333571]
	Ordinal0 [0x00C035A6+1193382]
	Ordinal0 [0x00C25A2A+1333802]
	Ordinal0 [0x00C35038+1396792]
	Ordinal0 [0x00C2580B+1333259]
	Ordinal0 [0x00C02314+1188628]
	Ordinal0 [0x00C0316F+1192303]
	GetHandleVerifier [0x00EC7BF6+1548950]
	GetHandleVerifier [0x00F7461C+2256060]
	GetHandleVerifier [0x00DCC13B+518107]
	GetHandleVerifier [0x00DCB1E0+514176]
	Ordinal0 [0x00CDF53D+2094397]
	Ordinal0 [0x00CE3418+2110488]
	Ordinal0 [0x00CE3552+2110802]
	Ordinal0 [0x00CECE81+2150017]
	BaseThreadInitThunk [0x75786359+25]
	RtlGetAppContainerNamedObjectPath [0x778787A4+228]
	RtlGetAppContainerNamedObjectPath [0x77878774+180]
</status>
</test>
<status status="FAIL" starttime="20211115 15:36:31.680" endtime="20211115 15:36:44.079"/>
</suite>
<statistics>
<total>
<stat pass="0" fail="1" skip="0">All Tests</stat>
</total>
<tag>
</tag>
<suite>
<stat pass="0" fail="1" skip="0" id="s1" name="Selenium 2">Selenium 2</stat>
</suite>
</statistics>
<errors>
</errors>
</robot>
